<?xml version="1.0" encoding="UTF-8"?>
<!-- Generated by org.testng.reporters.JUnitXMLReporter -->
<testsuite ignored="1" hostname="Mac" failures="1" tests="10" name="SmokeTest" time="0.032" errors="0" timestamp="2025-06-29T14:47:49 EDT">
  <testcase classname="com.neotech.lesson02.EnableAndDisable" name="firstMethod" time="0.003"/>
  <testcase classname="com.neotech.lesson02.EnableAndDisable" name="secondMethod" time="0.0"/>
  <testcase classname="com.neotech.lesson02.EnableAndDisable" name="fourthMethod" time="0.0"/>
  <testcase classname="com.neotech.lesson01.TestNGDemo" name="testOne" time="0.0"/>
  <testcase classname="com.neotech.lesson01.TestNGDemo" name="testThree" time="0.001"/>
  <testcase classname="com.neotech.lesson01.TestNGDemo" name="testTwo" time="0.001"/>
  <testcase classname="com.neotech.lesson02.DependsDemo" name="firstMethod" time="0.001"/>
  <testcase classname="com.neotech.lesson02.DependsDemo" name="secondMethod" time="0.0"/>
  <testcase classname="com.neotech.lesson02.DependsDemo" name="thirdMethod" time="0.0">
    <failure type="java.lang.Exception">
      <![CDATA[java.lang.Exception
at com.neotech.lesson02.DependsDemo.thirdMethod(DependsDemo.java:20)
at java.base/java.util.ArrayList.forEach(ArrayList.java:1511)
... Removed 27 stack frames]]>
    </failure>
  </testcase> <!-- thirdMethod -->
  <testcase classname="com.neotech.lesson02.DependsDemo" name="fourthMethod" time="0.0">
    <skipped/>
  </testcase> <!-- fourthMethod -->
  <testcase classname="com.neotech.lesson02.EnableAndDisable" name="thirdMethod" time="0.0">
    <ignored/>
  </testcase> <!-- thirdMethod -->
</testsuite> <!-- SmokeTest -->
