<?xml version="1.0" encoding="UTF-8"?>
<!-- Generated by org.testng.reporters.JUnitXMLReporter -->
<testsuite ignored="0" hostname="Sabah" failures="0" tests="3" name="Default test" time="27.29" errors="0" timestamp="2025-07-03T08:36:20 EDT">
  <testcase classname="com.neotech.lesson03.DataProviderDemo" name="loginFunctionality" time="5.217"/>
  <testcase classname="com.neotech.lesson03.DataProviderDemo" name="loginFunctionality" time="5.189"/>
  <testcase classname="com.neotech.lesson03.DataProviderDemo" name="loginFunctionality" time="7.647"/>
</testsuite> <!-- Default test -->
