<?xml version="1.0" encoding="UTF-8"?>
<!-- Generated by org.testng.reporters.JUnitXMLReporter -->
<testsuite ignored="0" hostname="ulker" failures="0" tests="3" name="Default test" time="0.494" errors="0" timestamp="2025-07-05T16:34:51 EDT">
  <testcase classname="com.neotech.review01.DataDrivenTest" name="loginTest" time="0.005"/>
  <testcase classname="com.neotech.review01.DataDrivenTest" name="loginTest" time="0.001"/>
  <testcase classname="com.neotech.review01.DataDrivenTest" name="loginTest" time="0.001"/>
</testsuite> <!-- Default test -->
