<?xml version="1.0" encoding="UTF-8"?>
<!-- Generated by org.testng.reporters.JUnitXMLReporter -->
<testsuite ignored="1" hostname="ulker" failures="0" tests="3" name="Test" time="0.047" errors="0" timestamp="2025-07-05T18:59:25 TRT">
  <testcase classname="com.neotech.review01.DemoAnnotations" name="test1" time="0.004"/>
  <testcase classname="com.neotech.review01.DemoAnnotations" name="test2" time="0.001"/>
  <testcase classname="com.neotech.review01.TestParameters" name="MethodA" time="0.001"/>
  <testcase classname="com.neotech.review01.TestParameters" name="MethodB" time="0.0">
    <ignored/>
  </testcase> <!-- MethodB -->
</testsuite> <!-- Test -->
