<?xml version="1.0" encoding="UTF-8"?>
<testng-results ignored="0" total="2" passed="2" failed="0" skipped="0">
  <reporter-output>
  </reporter-output>
  <suite started-at="2025-06-29T12:13:06 EDT" name="Default suite" finished-at="2025-06-29T12:13:19 EDT" duration-ms="13077">
    <groups>
    </groups>
    <test started-at="2025-06-29T12:13:06 EDT" name="Default test" finished-at="2025-06-29T12:13:19 EDT" duration-ms="13077">
      <class name="com.neotech.lesson02.Homework1">
        <test-method is-config="true" signature="openAndNavigate()[pri:0, instance:com.neotech.lesson02.Homework1@a514af7]" started-at="2025-06-29T12:13:06 EDT" name="openAndNavigate" finished-at="2025-06-29T12:13:08 EDT" duration-ms="1646" status="PASS">
          <reporter-output>
          </reporter-output>
        </test-method> <!-- openAndNavigate -->
        <test-method signature="loginValidation()[pri:0, instance:com.neotech.lesson02.Homework1@a514af7]" started-at="2025-06-29T12:13:08 EDT" name="loginValidation" finished-at="2025-06-29T12:13:15 EDT" duration-ms="7228" status="PASS">
          <reporter-output>
          </reporter-output>
        </test-method> <!-- loginValidation -->
        <test-method is-config="true" signature="quitBrowser()[pri:0, instance:com.neotech.lesson02.Homework1@a514af7]" started-at="2025-06-29T12:13:15 EDT" name="quitBrowser" finished-at="2025-06-29T12:13:15 EDT" duration-ms="96" status="PASS">
          <reporter-output>
          </reporter-output>
        </test-method> <!-- quitBrowser -->
        <test-method is-config="true" signature="openAndNavigate()[pri:0, instance:com.neotech.lesson02.Homework1@a514af7]" started-at="2025-06-29T12:13:15 EDT" name="openAndNavigate" finished-at="2025-06-29T12:13:17 EDT" duration-ms="1836" status="PASS">
          <reporter-output>
          </reporter-output>
        </test-method> <!-- openAndNavigate -->
        <test-method signature="negativeLoginTest()[pri:0, instance:com.neotech.lesson02.Homework1@a514af7]" started-at="2025-06-29T12:13:17 EDT" name="negativeLoginTest" finished-at="2025-06-29T12:13:19 EDT" duration-ms="2160" status="PASS">
          <reporter-output>
          </reporter-output>
        </test-method> <!-- negativeLoginTest -->
        <test-method is-config="true" signature="quitBrowser()[pri:0, instance:com.neotech.lesson02.Homework1@a514af7]" started-at="2025-06-29T12:13:19 EDT" name="quitBrowser" finished-at="2025-06-29T12:13:19 EDT" duration-ms="88" status="PASS">
          <reporter-output>
          </reporter-output>
        </test-method> <!-- quitBrowser -->
      </class> <!-- com.neotech.lesson02.Homework1 -->
    </test> <!-- Default test -->
  </suite> <!-- Default suite -->
</testng-results>
