<?xml version="1.0" encoding="UTF-8"?>
<testng-results ignored="0" total="3" passed="3" failed="0" skipped="0">
  <reporter-output>
  </reporter-output>
  <suite started-at="2025-07-01T22:05:13 EDT" name="Default suite" finished-at="2025-07-01T22:05:30 EDT" duration-ms="16391">
    <groups>
    </groups>
    <test started-at="2025-07-01T22:05:13 EDT" name="Default test" finished-at="2025-07-01T22:05:30 EDT" duration-ms="16391">
      <class name="com.neotech.lesson03.DataProviderDemo">
        <test-method is-config="true" signature="setUp()[pri:0, instance:com.neotech.lesson03.DataProviderDemo@229f66ed]" started-at="2025-07-01T22:05:13 EDT" name="setUp" finished-at="2025-07-01T22:05:17 EDT" duration-ms="3534" status="PASS">
          <reporter-output>
          </reporter-output>
        </test-method> <!-- setUp -->
        <test-method signature="loginFunctionality(java.lang.String,java.lang.String)[pri:0, instance:com.neotech.lesson03.DataProviderDemo@229f66ed]" started-at="2025-07-01T22:05:17 EDT" name="loginFunctionality" data-provider="userData" finished-at="2025-07-01T22:05:20 EDT" duration-ms="3033" status="PASS">
          <params>
            <param index="0">
              <value>
                <![CDATA[Admin]]>
              </value>
            </param>
            <param index="1">
              <value>
                <![CDATA[admin123]]>
              </value>
            </param>
          </params>
          <reporter-output>
          </reporter-output>
        </test-method> <!-- loginFunctionality -->
        <test-method is-config="true" signature="tearDown()[pri:0, instance:com.neotech.lesson03.DataProviderDemo@229f66ed]" started-at="2025-07-01T22:05:20 EDT" name="tearDown" finished-at="2025-07-01T22:05:20 EDT" duration-ms="122" status="PASS">
          <reporter-output>
          </reporter-output>
        </test-method> <!-- tearDown -->
        <test-method is-config="true" signature="setUp()[pri:0, instance:com.neotech.lesson03.DataProviderDemo@229f66ed]" started-at="2025-07-01T22:05:20 EDT" name="setUp" finished-at="2025-07-01T22:05:23 EDT" duration-ms="3287" status="PASS">
          <reporter-output>
          </reporter-output>
        </test-method> <!-- setUp -->
        <test-method signature="loginFunctionality(java.lang.String,java.lang.String)[pri:0, instance:com.neotech.lesson03.DataProviderDemo@229f66ed]" started-at="2025-07-01T22:05:23 EDT" name="loginFunctionality" data-provider="userData" finished-at="2025-07-01T22:05:23 EDT" duration-ms="198" status="PASS">
          <params>
            <param index="0">
              <value>
                <![CDATA[User1]]>
              </value>
            </param>
            <param index="1">
              <value>
                <![CDATA[user123]]>
              </value>
            </param>
          </params>
          <reporter-output>
          </reporter-output>
        </test-method> <!-- loginFunctionality -->
        <test-method is-config="true" signature="tearDown()[pri:0, instance:com.neotech.lesson03.DataProviderDemo@229f66ed]" started-at="2025-07-01T22:05:23 EDT" name="tearDown" finished-at="2025-07-01T22:05:24 EDT" duration-ms="111" status="PASS">
          <reporter-output>
          </reporter-output>
        </test-method> <!-- tearDown -->
        <test-method is-config="true" signature="setUp()[pri:0, instance:com.neotech.lesson03.DataProviderDemo@229f66ed]" started-at="2025-07-01T22:05:24 EDT" name="setUp" finished-at="2025-07-01T22:05:27 EDT" duration-ms="3264" status="PASS">
          <reporter-output>
          </reporter-output>
        </test-method> <!-- setUp -->
        <test-method signature="loginFunctionality(java.lang.String,java.lang.String)[pri:0, instance:com.neotech.lesson03.DataProviderDemo@229f66ed]" started-at="2025-07-01T22:05:27 EDT" name="loginFunctionality" data-provider="userData" finished-at="2025-07-01T22:05:30 EDT" duration-ms="2702" status="PASS">
          <params>
            <param index="0">
              <value>
                <![CDATA[User2]]>
              </value>
            </param>
            <param index="1">
              <value>
                <![CDATA[user456]]>
              </value>
            </param>
          </params>
          <reporter-output>
          </reporter-output>
        </test-method> <!-- loginFunctionality -->
        <test-method is-config="true" signature="tearDown()[pri:0, instance:com.neotech.lesson03.DataProviderDemo@229f66ed]" started-at="2025-07-01T22:05:30 EDT" name="tearDown" finished-at="2025-07-01T22:05:30 EDT" duration-ms="106" status="PASS">
          <reporter-output>
          </reporter-output>
        </test-method> <!-- tearDown -->
      </class> <!-- com.neotech.lesson03.DataProviderDemo -->
    </test> <!-- Default test -->
  </suite> <!-- Default suite -->
</testng-results>
